
C:\SimInTech64\bin\CodeTemplates\VC2015_x64>REM Установка системных переменных студии (для 2015) 

C:\SimInTech64\bin\CodeTemplates\VC2015_x64>set path=C:\SimInTech64\bin\;C:\SimInTech64\bin\include_mvtu\;C:\SimInTech64\bin\images_mvtu\;C:\Program Files (x86)\IntelSWTools\Trace Analyzer and Collector\9.1.2.024\bin;C:\Program Files (x86)\IntelSWTools\compilers_and_libraries_2016.2.180\windows\mpi\intel64\bin;C:\Program Files (x86)\Common Files\Intel\Shared Libraries\redist\intel64_win\mpirt;C:\Program Files (x86)\Common Files\Intel\Shared Libraries\redist\ia32_win\mpirt;C:\Program Files (x86)\Common Files\Intel\Shared Libraries\redist\intel64_win\compiler;C:\Program Files (x86)\Common Files\Intel\Shared Libraries\redist\ia32_win\compiler;C:\Program Files (x86)\Embarcadero\Studio\19.0\bin;C:\Users\Public\Documents\Embarcadero\Studio\19.0\Bpl;C:\Program Files (x86)\Embarcadero\Studio\19.0\bin64;C:\Users\Public\Documents\Embarcadero\Studio\19.0\Bpl\Win64;C:\ProgramData\Oracle\Java\javapath;C:\WINDOWS\system32;C:\WINDOWS;C:\WINDOWS\System32\Wbem;C:\WINDOWS\System32\WindowsPowerShell\v1.0\;C:\Program Files (x86)\NVIDIA Corporation\PhysX\Common;C:\WINDOWS\system32;C:\WINDOWS;C:\WINDOWS\System32\Wbem;C:\WINDOWS\System32\WindowsPowerShell\v1.0\;C:\Program Files\Microsoft SQL Server\120\Tools\Binn\;C:\WINDOWS\system32\config\systemprofile\.dnx\bin;C:\Program Files\Microsoft DNX\Dnvm\;c:\Program Files (x86)\NSIS\;C:\Program Files\MATLAB\R2015b\runtime\win64;C:\Program Files\MATLAB\R2015b\bin;C:\Program Files\MATLAB\R2015b\polyspace\bin;C:\Program Files\WinRAR;C:\QNX650\host\win32\x86\usr\bin;C:\Program Files (x86)\QNX Software Systems\bin;C:\VXIPNP\WINNT\BIN;C:\VXIPNP\WinNT\Bin\;C:\Program Files\TortoiseGit\bin;C:\Program Files\Git\cmd;C:\Program Files (x86)\IntelSWTools\Trace Analyzer and Collector\9.1.2.024\dll;C:\Users\timofeevka\AppData\Local\Microsoft\WindowsApps;c:\Program Files (x86)\Microsoft Visual Studio 14.0\VC 

C:\SimInTech64\bin\CodeTemplates\VC2015_x64>call vcvarsall.bat 
Microsoft (R) Build Engine версии 14.0.24730.2
(C) Корпорация Майкрософт (Microsoft Corporation). Все права защищены.

Сборка начата 21.03.2019 12:39:13.
Целевой объект "BeforeGenerateProjectPriFile", указанный в атрибуте BeforeTargets для "C:\Program Files (x86)\MSBuild\Microsoft\NuGet\Microsoft.NuGet.targets (186,61)", не существует в проекте и будет пропущен.
Проект "C:\SimInTech64\bin\CodeTemplates\VC2015\src\example_cpp.vcxproj" в узле 1 (целевые объекты rebuild).
InitializeBuildStatus:
  Создание "..\temp\Release\example_cpp.tlog\unsuccessfulbuild", так как было задано "AlwaysCreate".
ClCompile:
  C:\Program Files (x86)\Microsoft Visual Studio 14.0\VC\bin\x86_amd64\CL.exe /c /nologo /W3 /WX- /Od /Ob1 /D WIN32 /D _DEBUG /D _WINDOWS /D _USRDLL /D EXAMPLE_CPP_EXPORTS /D _WINDLL /D _UNICODE /D UNICODE /Gm /EHa /MT /Zp1 /GS- /arch:SSE2 /Zc:wchar_t /Zc:forScope /Zc:inline /GR- /Yc"stdafx.h" /Fp"..\temp\Release\example_cpp.pch" /Fo"..\temp\Release\\" /Fd"..\temp\Release\vc140.pdb" /Gd /TC /errorReport:queue stdafx.cpp
cl : командная строка warning D9007: для "/Gm" требуется "/Zi или /ZI"; параметр пропущен [C:\SimInTech64\bin\CodeTemplates\VC2015\src\example_cpp.vcxproj]
cl : командная строка warning D9002: пропуск неизвестного параметра "/arch:SSE2" [C:\SimInTech64\bin\CodeTemplates\VC2015\src\example_cpp.vcxproj]
  stdafx.cpp
  C:\Program Files (x86)\Microsoft Visual Studio 14.0\VC\bin\x86_amd64\CL.exe /c /nologo /W3 /WX- /Od /Ob1 /D WIN32 /D _DEBUG /D _WINDOWS /D _USRDLL /D EXAMPLE_CPP_EXPORTS /D _WINDLL /D _UNICODE /D UNICODE /Gm /EHa /MT /Zp1 /GS- /arch:SSE2 /Zc:wchar_t /Zc:forScope /Zc:inline /GR- /Fo"..\temp\Release\\" /Fd"..\temp\Release\vc140.pdb" /Gd /TC /errorReport:queue dllmain.cpp
cl : командная строка warning D9007: для "/Gm" требуется "/Zi или /ZI"; параметр пропущен [C:\SimInTech64\bin\CodeTemplates\VC2015\src\example_cpp.vcxproj]
cl : командная строка warning D9002: пропуск неизвестного параметра "/arch:SSE2" [C:\SimInTech64\bin\CodeTemplates\VC2015\src\example_cpp.vcxproj]
  dllmain.cpp
  C:\Program Files (x86)\Microsoft Visual Studio 14.0\VC\bin\x86_amd64\CL.exe /c /nologo /W3 /WX- /Od /Ob1 /D WIN32 /D _DEBUG /D _WINDOWS /D _USRDLL /D EXAMPLE_CPP_EXPORTS /D _WINDLL /D _UNICODE /D UNICODE /Gm /EHa /MT /Zp1 /GS- /arch:SSE2 /Zc:wchar_t /Zc:forScope /Zc:inline /GR- /Fo"..\temp\Release\\" /Fd"..\temp\Release\vc140.pdb" /Gd /TC /errorReport:queue example.c
cl : командная строка warning D9007: для "/Gm" требуется "/Zi или /ZI"; параметр пропущен [C:\SimInTech64\bin\CodeTemplates\VC2015\src\example_cpp.vcxproj]
cl : командная строка warning D9002: пропуск неизвестного параметра "/arch:SSE2" [C:\SimInTech64\bin\CodeTemplates\VC2015\src\example_cpp.vcxproj]
  example.c
c:\simintech64\bin\codetemplates\vc2015\src\prog.h(158): warning C4244: =: преобразование "double" в "int", возможна потеря данных [C:\SimInTech64\bin\CodeTemplates\VC2015\src\example_cpp.vcxproj]
c:\simintech64\bin\codetemplates\vc2015\src\prog.h(178): warning C4244: =: преобразование "double" в "int", возможна потеря данных [C:\SimInTech64\bin\CodeTemplates\VC2015\src\example_cpp.vcxproj]
c:\simintech64\bin\codetemplates\vc2015\src\init.inc(10): warning C4101: c: неиспользованная локальная переменная [C:\SimInTech64\bin\CodeTemplates\VC2015\src\example_cpp.vcxproj]
c:\simintech64\bin\codetemplates\vc2015\src\init.inc(9): warning C4101: j: неиспользованная локальная переменная [C:\SimInTech64\bin\CodeTemplates\VC2015\src\example_cpp.vcxproj]
c:\simintech64\bin\codetemplates\vc2015\src\init.inc(8): warning C4101: i: неиспользованная локальная переменная [C:\SimInTech64\bin\CodeTemplates\VC2015\src\example_cpp.vcxproj]
c:\simintech64\bin\codetemplates\vc2015\src\prog.inc(24): warning C4101: u_r: неиспользованная локальная переменная [C:\SimInTech64\bin\CodeTemplates\VC2015\src\example_cpp.vcxproj]
c:\simintech64\bin\codetemplates\vc2015\src\prog.inc(16): warning C4101: tmp3: неиспользованная локальная переменная [C:\SimInTech64\bin\CodeTemplates\VC2015\src\example_cpp.vcxproj]
c:\simintech64\bin\codetemplates\vc2015\src\prog.inc(18): warning C4101: tmp5: неиспользованная локальная переменная [C:\SimInTech64\bin\CodeTemplates\VC2015\src\example_cpp.vcxproj]
c:\simintech64\bin\codetemplates\vc2015\src\prog.inc(19): warning C4101: tmp6: неиспользованная локальная переменная [C:\SimInTech64\bin\CodeTemplates\VC2015\src\example_cpp.vcxproj]
c:\simintech64\bin\codetemplates\vc2015\src\prog.inc(17): warning C4101: tmp4: неиспользованная локальная переменная [C:\SimInTech64\bin\CodeTemplates\VC2015\src\example_cpp.vcxproj]
c:\simintech64\bin\codetemplates\vc2015\src\prog.inc(21): warning C4101: f: неиспользованная локальная переменная [C:\SimInTech64\bin\CodeTemplates\VC2015\src\example_cpp.vcxproj]
c:\simintech64\bin\codetemplates\vc2015\src\prog.inc(20): warning C4101: tmp7: неиспользованная локальная переменная [C:\SimInTech64\bin\CodeTemplates\VC2015\src\example_cpp.vcxproj]
c:\simintech64\bin\codetemplates\vc2015\src\prog.inc(12): warning C4101: itmp1: неиспользованная локальная переменная [C:\SimInTech64\bin\CodeTemplates\VC2015\src\example_cpp.vcxproj]
c:\simintech64\bin\codetemplates\vc2015\src\prog.inc(22): warning C4101: tmp_f_1: неиспользованная локальная переменная [C:\SimInTech64\bin\CodeTemplates\VC2015\src\example_cpp.vcxproj]
c:\simintech64\bin\codetemplates\vc2015\src\prog.inc(11): warning C4101: c: неиспользованная локальная переменная [C:\SimInTech64\bin\CodeTemplates\VC2015\src\example_cpp.vcxproj]
c:\simintech64\bin\codetemplates\vc2015\src\prog.inc(10): warning C4101: j: неиспользованная локальная переменная [C:\SimInTech64\bin\CodeTemplates\VC2015\src\example_cpp.vcxproj]
c:\simintech64\bin\codetemplates\vc2015\src\prog.inc(9): warning C4101: i: неиспользованная локальная переменная [C:\SimInTech64\bin\CodeTemplates\VC2015\src\example_cpp.vcxproj]
c:\simintech64\bin\codetemplates\vc2015\src\prog.inc(15): warning C4101: tmp2: неиспользованная локальная переменная [C:\SimInTech64\bin\CodeTemplates\VC2015\src\example_cpp.vcxproj]
c:\simintech64\bin\codetemplates\vc2015\src\prog.inc(23): warning C4101: u_s: неиспользованная локальная переменная [C:\SimInTech64\bin\CodeTemplates\VC2015\src\example_cpp.vcxproj]
c:\simintech64\bin\codetemplates\vc2015\src\prog.inc(14): warning C4101: tmp1: неиспользованная локальная переменная [C:\SimInTech64\bin\CodeTemplates\VC2015\src\example_cpp.vcxproj]
c:\simintech64\bin\codetemplates\vc2015\src\prog.inc(13): warning C4101: itmp2: неиспользованная локальная переменная [C:\SimInTech64\bin\CodeTemplates\VC2015\src\example_cpp.vcxproj]
c:\simintech64\bin\codetemplates\vc2015\src\state.inc(24): warning C4101: u_r: неиспользованная локальная переменная [C:\SimInTech64\bin\CodeTemplates\VC2015\src\example_cpp.vcxproj]
c:\simintech64\bin\codetemplates\vc2015\src\state.inc(16): warning C4101: tmp3: неиспользованная локальная переменная [C:\SimInTech64\bin\CodeTemplates\VC2015\src\example_cpp.vcxproj]
c:\simintech64\bin\codetemplates\vc2015\src\state.inc(18): warning C4101: tmp5: неиспользованная локальная переменная [C:\SimInTech64\bin\CodeTemplates\VC2015\src\example_cpp.vcxproj]
c:\simintech64\bin\codetemplates\vc2015\src\state.inc(19): warning C4101: tmp6: неиспользованная локальная переменная [C:\SimInTech64\bin\CodeTemplates\VC2015\src\example_cpp.vcxproj]
c:\simintech64\bin\codetemplates\vc2015\src\state.inc(17): warning C4101: tmp4: неиспользованная локальная переменная [C:\SimInTech64\bin\CodeTemplates\VC2015\src\example_cpp.vcxproj]
c:\simintech64\bin\codetemplates\vc2015\src\state.inc(21): warning C4101: f: неиспользованная локальная переменная [C:\SimInTech64\bin\CodeTemplates\VC2015\src\example_cpp.vcxproj]
c:\simintech64\bin\codetemplates\vc2015\src\state.inc(20): warning C4101: tmp7: неиспользованная локальная переменная [C:\SimInTech64\bin\CodeTemplates\VC2015\src\example_cpp.vcxproj]
c:\simintech64\bin\codetemplates\vc2015\src\state.inc(12): warning C4101: itmp1: неиспользованная локальная переменная [C:\SimInTech64\bin\CodeTemplates\VC2015\src\example_cpp.vcxproj]
c:\simintech64\bin\codetemplates\vc2015\src\state.inc(22): warning C4101: tmp_f_1: неиспользованная локальная переменная [C:\SimInTech64\bin\CodeTemplates\VC2015\src\example_cpp.vcxproj]
c:\simintech64\bin\codetemplates\vc2015\src\state.inc(11): warning C4101: c: неиспользованная локальная переменная [C:\SimInTech64\bin\CodeTemplates\VC2015\src\example_cpp.vcxproj]
c:\simintech64\bin\codetemplates\vc2015\src\state.inc(10): warning C4101: j: неиспользованная локальная переменная [C:\SimInTech64\bin\CodeTemplates\VC2015\src\example_cpp.vcxproj]
c:\simintech64\bin\codetemplates\vc2015\src\state.inc(9): warning C4101: i: неиспользованная локальная переменная [C:\SimInTech64\bin\CodeTemplates\VC2015\src\example_cpp.vcxproj]
c:\simintech64\bin\codetemplates\vc2015\src\state.inc(15): warning C4101: tmp2: неиспользованная локальная переменная [C:\SimInTech64\bin\CodeTemplates\VC2015\src\example_cpp.vcxproj]
c:\simintech64\bin\codetemplates\vc2015\src\state.inc(26): warning C4101: bup_pwmve33be5_vdelta_temp: неиспользованная локальная переменная [C:\SimInTech64\bin\CodeTemplates\VC2015\src\example_cpp.vcxproj]
c:\simintech64\bin\codetemplates\vc2015\src\state.inc(23): warning C4101: u_s: неиспользованная локальная переменная [C:\SimInTech64\bin\CodeTemplates\VC2015\src\example_cpp.vcxproj]
c:\simintech64\bin\codetemplates\vc2015\src\state.inc(14): warning C4101: tmp1: неиспользованная локальная переменная [C:\SimInTech64\bin\CodeTemplates\VC2015\src\example_cpp.vcxproj]
c:\simintech64\bin\codetemplates\vc2015\src\state.inc(25): warning C4101: bup_pwmve33be5_vskor_temp: неиспользованная локальная переменная [C:\SimInTech64\bin\CodeTemplates\VC2015\src\example_cpp.vcxproj]
c:\simintech64\bin\codetemplates\vc2015\src\state.inc(13): warning C4101: itmp2: неиспользованная локальная переменная [C:\SimInTech64\bin\CodeTemplates\VC2015\src\example_cpp.vcxproj]
Link:
  C:\Program Files (x86)\Microsoft Visual Studio 14.0\VC\bin\x86_amd64\link.exe /ERRORREPORT:QUEUE /OUT:"..\bin\example_cpp.dll" /INCREMENTAL /NOLOGO kernel32.lib user32.lib gdi32.lib winspool.lib comdlg32.lib advapi32.lib shell32.lib ole32.lib oleaut32.lib uuid.lib odbc32.lib odbccp32.lib /DEF:"example_cpp.def" /MANIFEST /MANIFESTUAC:"level='asInvoker' uiAccess='false'" /manifest:embed /Debug /PDB:"..\bin\example_cpp.pdb" /SUBSYSTEM:WINDOWS /LTCG:incremental /TLBID:1 /DYNAMICBASE /NXCOMPAT /IMPLIB:"..\bin\example_cpp.lib" /MACHINE:X64 /DLL ..\temp\Release\dllmain.obj
  ..\temp\Release\example.obj
  ..\temp\Release\stdafx.obj
LINK : warning LNK4075: эх єўшЄvтрхЄё  "/INCREMENTAL" шч-чр ёяхЎшЇшърЎшш "/LTCG" [C:\SimInTech64\bin\CodeTemplates\VC2015\src\example_cpp.vcxproj]
     TючфрхЄё  сшсышюЄхър ..\bin\example_cpp.lib ш юс·хъЄ ..\bin\example_cpp.exp
  LINK : єърчрэ ярЁрьхЄЁ /LTCG, эю эх ЄЁхсєхЄё  ёючфрэшх ъюфр; єфрышЄх /LTCG шч ъюьрэфэющ ёЄЁюъш ъюьяюэютъш фы  яютv°хэш  яЁюшчтюфшЄхы№эюёЄш ъюьяюэют•шър
  example_cpp.vcxproj -> C:\SimInTech64\bin\CodeTemplates\VC2015\src\..\bin\example_cpp.dll
FinalizeBuildStatus:
  Файл "..\temp\Release\example_cpp.tlog\unsuccessfulbuild" удаляется.
  Обращение к "..\temp\Release\example_cpp.tlog\example_cpp.lastbuildstate".
Сборка проекта "C:\SimInTech64\bin\CodeTemplates\VC2015\src\example_cpp.vcxproj" завершена (целевые объекты rebuild).

Сборка успешно завершена.

"C:\SimInTech64\bin\CodeTemplates\VC2015\src\example_cpp.vcxproj" (целевой объект rebuild ) (1) ->
(Целевой объект ClCompile) -> 
  cl : командная строка warning D9007: для "/Gm" требуется "/Zi или /ZI"; параметр пропущен [C:\SimInTech64\bin\CodeTemplates\VC2015\src\example_cpp.vcxproj]
  cl : командная строка warning D9002: пропуск неизвестного параметра "/arch:SSE2" [C:\SimInTech64\bin\CodeTemplates\VC2015\src\example_cpp.vcxproj]
  cl : командная строка warning D9007: для "/Gm" требуется "/Zi или /ZI"; параметр пропущен [C:\SimInTech64\bin\CodeTemplates\VC2015\src\example_cpp.vcxproj]
  cl : командная строка warning D9002: пропуск неизвестного параметра "/arch:SSE2" [C:\SimInTech64\bin\CodeTemplates\VC2015\src\example_cpp.vcxproj]
  cl : командная строка warning D9007: для "/Gm" требуется "/Zi или /ZI"; параметр пропущен [C:\SimInTech64\bin\CodeTemplates\VC2015\src\example_cpp.vcxproj]
  cl : командная строка warning D9002: пропуск неизвестного параметра "/arch:SSE2" [C:\SimInTech64\bin\CodeTemplates\VC2015\src\example_cpp.vcxproj]
  c:\simintech64\bin\codetemplates\vc2015\src\prog.h(158): warning C4244: =: преобразование "double" в "int", возможна потеря данных [C:\SimInTech64\bin\CodeTemplates\VC2015\src\example_cpp.vcxproj]
  c:\simintech64\bin\codetemplates\vc2015\src\prog.h(178): warning C4244: =: преобразование "double" в "int", возможна потеря данных [C:\SimInTech64\bin\CodeTemplates\VC2015\src\example_cpp.vcxproj]
  c:\simintech64\bin\codetemplates\vc2015\src\init.inc(10): warning C4101: c: неиспользованная локальная переменная [C:\SimInTech64\bin\CodeTemplates\VC2015\src\example_cpp.vcxproj]
  c:\simintech64\bin\codetemplates\vc2015\src\init.inc(9): warning C4101: j: неиспользованная локальная переменная [C:\SimInTech64\bin\CodeTemplates\VC2015\src\example_cpp.vcxproj]
  c:\simintech64\bin\codetemplates\vc2015\src\init.inc(8): warning C4101: i: неиспользованная локальная переменная [C:\SimInTech64\bin\CodeTemplates\VC2015\src\example_cpp.vcxproj]
  c:\simintech64\bin\codetemplates\vc2015\src\prog.inc(24): warning C4101: u_r: неиспользованная локальная переменная [C:\SimInTech64\bin\CodeTemplates\VC2015\src\example_cpp.vcxproj]
  c:\simintech64\bin\codetemplates\vc2015\src\prog.inc(16): warning C4101: tmp3: неиспользованная локальная переменная [C:\SimInTech64\bin\CodeTemplates\VC2015\src\example_cpp.vcxproj]
  c:\simintech64\bin\codetemplates\vc2015\src\prog.inc(18): warning C4101: tmp5: неиспользованная локальная переменная [C:\SimInTech64\bin\CodeTemplates\VC2015\src\example_cpp.vcxproj]
  c:\simintech64\bin\codetemplates\vc2015\src\prog.inc(19): warning C4101: tmp6: неиспользованная локальная переменная [C:\SimInTech64\bin\CodeTemplates\VC2015\src\example_cpp.vcxproj]
  c:\simintech64\bin\codetemplates\vc2015\src\prog.inc(17): warning C4101: tmp4: неиспользованная локальная переменная [C:\SimInTech64\bin\CodeTemplates\VC2015\src\example_cpp.vcxproj]
  c:\simintech64\bin\codetemplates\vc2015\src\prog.inc(21): warning C4101: f: неиспользованная локальная переменная [C:\SimInTech64\bin\CodeTemplates\VC2015\src\example_cpp.vcxproj]
  c:\simintech64\bin\codetemplates\vc2015\src\prog.inc(20): warning C4101: tmp7: неиспользованная локальная переменная [C:\SimInTech64\bin\CodeTemplates\VC2015\src\example_cpp.vcxproj]
  c:\simintech64\bin\codetemplates\vc2015\src\prog.inc(12): warning C4101: itmp1: неиспользованная локальная переменная [C:\SimInTech64\bin\CodeTemplates\VC2015\src\example_cpp.vcxproj]
  c:\simintech64\bin\codetemplates\vc2015\src\prog.inc(22): warning C4101: tmp_f_1: неиспользованная локальная переменная [C:\SimInTech64\bin\CodeTemplates\VC2015\src\example_cpp.vcxproj]
  c:\simintech64\bin\codetemplates\vc2015\src\prog.inc(11): warning C4101: c: неиспользованная локальная переменная [C:\SimInTech64\bin\CodeTemplates\VC2015\src\example_cpp.vcxproj]
  c:\simintech64\bin\codetemplates\vc2015\src\prog.inc(10): warning C4101: j: неиспользованная локальная переменная [C:\SimInTech64\bin\CodeTemplates\VC2015\src\example_cpp.vcxproj]
  c:\simintech64\bin\codetemplates\vc2015\src\prog.inc(9): warning C4101: i: неиспользованная локальная переменная [C:\SimInTech64\bin\CodeTemplates\VC2015\src\example_cpp.vcxproj]
  c:\simintech64\bin\codetemplates\vc2015\src\prog.inc(15): warning C4101: tmp2: неиспользованная локальная переменная [C:\SimInTech64\bin\CodeTemplates\VC2015\src\example_cpp.vcxproj]
  c:\simintech64\bin\codetemplates\vc2015\src\prog.inc(23): warning C4101: u_s: неиспользованная локальная переменная [C:\SimInTech64\bin\CodeTemplates\VC2015\src\example_cpp.vcxproj]
  c:\simintech64\bin\codetemplates\vc2015\src\prog.inc(14): warning C4101: tmp1: неиспользованная локальная переменная [C:\SimInTech64\bin\CodeTemplates\VC2015\src\example_cpp.vcxproj]
  c:\simintech64\bin\codetemplates\vc2015\src\prog.inc(13): warning C4101: itmp2: неиспользованная локальная переменная [C:\SimInTech64\bin\CodeTemplates\VC2015\src\example_cpp.vcxproj]
  c:\simintech64\bin\codetemplates\vc2015\src\state.inc(24): warning C4101: u_r: неиспользованная локальная переменная [C:\SimInTech64\bin\CodeTemplates\VC2015\src\example_cpp.vcxproj]
  c:\simintech64\bin\codetemplates\vc2015\src\state.inc(16): warning C4101: tmp3: неиспользованная локальная переменная [C:\SimInTech64\bin\CodeTemplates\VC2015\src\example_cpp.vcxproj]
  c:\simintech64\bin\codetemplates\vc2015\src\state.inc(18): warning C4101: tmp5: неиспользованная локальная переменная [C:\SimInTech64\bin\CodeTemplates\VC2015\src\example_cpp.vcxproj]
  c:\simintech64\bin\codetemplates\vc2015\src\state.inc(19): warning C4101: tmp6: неиспользованная локальная переменная [C:\SimInTech64\bin\CodeTemplates\VC2015\src\example_cpp.vcxproj]
  c:\simintech64\bin\codetemplates\vc2015\src\state.inc(17): warning C4101: tmp4: неиспользованная локальная переменная [C:\SimInTech64\bin\CodeTemplates\VC2015\src\example_cpp.vcxproj]
  c:\simintech64\bin\codetemplates\vc2015\src\state.inc(21): warning C4101: f: неиспользованная локальная переменная [C:\SimInTech64\bin\CodeTemplates\VC2015\src\example_cpp.vcxproj]
  c:\simintech64\bin\codetemplates\vc2015\src\state.inc(20): warning C4101: tmp7: неиспользованная локальная переменная [C:\SimInTech64\bin\CodeTemplates\VC2015\src\example_cpp.vcxproj]
  c:\simintech64\bin\codetemplates\vc2015\src\state.inc(12): warning C4101: itmp1: неиспользованная локальная переменная [C:\SimInTech64\bin\CodeTemplates\VC2015\src\example_cpp.vcxproj]
  c:\simintech64\bin\codetemplates\vc2015\src\state.inc(22): warning C4101: tmp_f_1: неиспользованная локальная переменная [C:\SimInTech64\bin\CodeTemplates\VC2015\src\example_cpp.vcxproj]
  c:\simintech64\bin\codetemplates\vc2015\src\state.inc(11): warning C4101: c: неиспользованная локальная переменная [C:\SimInTech64\bin\CodeTemplates\VC2015\src\example_cpp.vcxproj]
  c:\simintech64\bin\codetemplates\vc2015\src\state.inc(10): warning C4101: j: неиспользованная локальная переменная [C:\SimInTech64\bin\CodeTemplates\VC2015\src\example_cpp.vcxproj]
  c:\simintech64\bin\codetemplates\vc2015\src\state.inc(9): warning C4101: i: неиспользованная локальная переменная [C:\SimInTech64\bin\CodeTemplates\VC2015\src\example_cpp.vcxproj]
  c:\simintech64\bin\codetemplates\vc2015\src\state.inc(15): warning C4101: tmp2: неиспользованная локальная переменная [C:\SimInTech64\bin\CodeTemplates\VC2015\src\example_cpp.vcxproj]
  c:\simintech64\bin\codetemplates\vc2015\src\state.inc(26): warning C4101: bup_pwmve33be5_vdelta_temp: неиспользованная локальная переменная [C:\SimInTech64\bin\CodeTemplates\VC2015\src\example_cpp.vcxproj]
  c:\simintech64\bin\codetemplates\vc2015\src\state.inc(23): warning C4101: u_s: неиспользованная локальная переменная [C:\SimInTech64\bin\CodeTemplates\VC2015\src\example_cpp.vcxproj]
  c:\simintech64\bin\codetemplates\vc2015\src\state.inc(14): warning C4101: tmp1: неиспользованная локальная переменная [C:\SimInTech64\bin\CodeTemplates\VC2015\src\example_cpp.vcxproj]
  c:\simintech64\bin\codetemplates\vc2015\src\state.inc(25): warning C4101: bup_pwmve33be5_vskor_temp: неиспользованная локальная переменная [C:\SimInTech64\bin\CodeTemplates\VC2015\src\example_cpp.vcxproj]
  c:\simintech64\bin\codetemplates\vc2015\src\state.inc(13): warning C4101: itmp2: неиспользованная локальная переменная [C:\SimInTech64\bin\CodeTemplates\VC2015\src\example_cpp.vcxproj]


"C:\SimInTech64\bin\CodeTemplates\VC2015\src\example_cpp.vcxproj" (целевой объект rebuild ) (1) ->
(Целевой объект Link) -> 
  LINK : warning LNK4075: эх єўшЄvтрхЄё  "/INCREMENTAL" шч-чр ёяхЎшЇшърЎшш "/LTCG" [C:\SimInTech64\bin\CodeTemplates\VC2015\src\example_cpp.vcxproj]

    Предупреждений: 46
    Ошибок: 0

Затраченное время: 00:00:03.83
